<?xml version="1.0" encoding="UTF-8"?>
<testng-results ignored="0" total="1" passed="1" failed="0" skipped="0">
  <reporter-output>
  </reporter-output>
  <suite started-at="2020-04-29T17:49:21 IST" name="Default suite" finished-at="2020-04-29T17:49:56 IST" duration-ms="35215">
    <groups>
    </groups>
    <test started-at="2020-04-29T17:49:21 IST" name="Default test" finished-at="2020-04-29T17:49:56 IST" duration-ms="35215">
      <class name="global.DataDriven">
        <test-method signature="Login()[pri:0, instance:global.DataDriven@6a01e23]" started-at="2020-04-29T17:49:21 IST" name="Login" finished-at="2020-04-29T17:49:56 IST" duration-ms="35151" status="PASS">
          <reporter-output>
          </reporter-output>
        </test-method> <!-- Login -->
      </class> <!-- global.DataDriven -->
    </test> <!-- Default test -->
  </suite> <!-- Default suite -->
</testng-results>
