<?xml version="1.0" encoding="UTF-8"?>
<testng-results skipped="0" failed="0" total="6" passed="6">
  <reporter-output>
  </reporter-output>
  <suite name="Surefire suite" duration-ms="56" started-at="2020-05-13T13:05:52Z" finished-at="2020-05-13T13:05:52Z">
    <groups>
    </groups>
    <test name="Surefire test" duration-ms="56" started-at="2020-05-13T13:05:52Z" finished-at="2020-05-13T13:05:52Z">
      <class name="qaclickacademy.Mavenjava.RestAPITest">
        <test-method status="PASS" signature="deleteTwitter()[pri:0, instance:qaclickacademy.Mavenjava.RestAPITest@4e04a765]" name="deleteTwitter" duration-ms="0" started-at="2020-05-13T18:35:52Z" finished-at="2020-05-13T18:35:52Z">
          <reporter-output>
          </reporter-output>
        </test-method> <!-- deleteTwitter -->
        <test-method status="PASS" signature="postJira()[pri:0, instance:qaclickacademy.Mavenjava.RestAPITest@4e04a765]" name="postJira" duration-ms="1" started-at="2020-05-13T18:35:52Z" finished-at="2020-05-13T18:35:52Z">
          <reporter-output>
          </reporter-output>
        </test-method> <!-- postJira -->
      </class> <!-- qaclickacademy.Mavenjava.RestAPITest -->
      <class name="qaclickacademy.Mavenjava.AppiumTest">
        <test-method status="PASS" signature="IOSApps()[pri:0, instance:qaclickacademy.Mavenjava.AppiumTest@3b81a1bc]" name="IOSApps" duration-ms="16" started-at="2020-05-13T18:35:52Z" finished-at="2020-05-13T18:35:52Z">
          <reporter-output>
          </reporter-output>
        </test-method> <!-- IOSApps -->
        <test-method status="PASS" signature="NativeAPpAndroid()[pri:0, instance:qaclickacademy.Mavenjava.AppiumTest@3b81a1bc]" name="NativeAPpAndroid" duration-ms="1" started-at="2020-05-13T18:35:52Z" finished-at="2020-05-13T18:35:52Z">
          <reporter-output>
          </reporter-output>
        </test-method> <!-- NativeAPpAndroid -->
      </class> <!-- qaclickacademy.Mavenjava.AppiumTest -->
      <class name="qaclickacademy.Mavenjava.SeleniumTest">
        <test-method status="PASS" signature="BrowserAUtomation()[pri:0, instance:qaclickacademy.Mavenjava.SeleniumTest@783e6358]" name="BrowserAUtomation" duration-ms="1" started-at="2020-05-13T18:35:52Z" finished-at="2020-05-13T18:35:52Z">
          <reporter-output>
          </reporter-output>
        </test-method> <!-- BrowserAUtomation -->
        <test-method status="PASS" signature="elementsUi()[pri:0, instance:qaclickacademy.Mavenjava.SeleniumTest@783e6358]" name="elementsUi" duration-ms="2" started-at="2020-05-13T18:35:52Z" finished-at="2020-05-13T18:35:52Z">
          <reporter-output>
          </reporter-output>
        </test-method> <!-- elementsUi -->
      </class> <!-- qaclickacademy.Mavenjava.SeleniumTest -->
    </test> <!-- Surefire test -->
  </suite> <!-- Surefire suite -->
</testng-results>
