<?xml version="1.0" encoding="UTF-8"?>
<testng-results skipped="0" failed="0" ignored="0" total="1" passed="1">
  <reporter-output>
  </reporter-output>
  <suite name="Default suite" duration-ms="38321" started-at="2020-05-11T17:28:56 IST" finished-at="2020-05-11T17:29:34 IST">
    <groups>
    </groups>
    <test name="Default test" duration-ms="38321" started-at="2020-05-11T17:28:56 IST" finished-at="2020-05-11T17:29:34 IST">
      <class name="Testcase.LoginIntranet">
        <test-method status="PASS" signature="LoginClass()[pri:0, instance:Testcase.LoginIntranet@3a5ed7a6]" name="LoginClass" duration-ms="38250" started-at="2020-05-11T17:28:56 IST" finished-at="2020-05-11T17:29:34 IST">
          <reporter-output>
          </reporter-output>
        </test-method> <!-- LoginClass -->
      </class> <!-- Testcase.LoginIntranet -->
    </test> <!-- Default test -->
  </suite> <!-- Default suite -->
</testng-results>
