<?xml version="1.0" encoding="UTF-8"?>
<!-- Generated by org.testng.reporters.JUnitXMLReporter -->
<testsuite hostname="DESKTOP-1BKEDIA" name="Test" tests="3" failures="0" timestamp="14 May 2020 08:38:01 GMT" time="145.558" errors="0">
  <testcase name="basePageNavigation" time="0.291" classname="Shraddha.E2Eframework.Validating"/>
  <testcase name="basePageNavigation" time="71.367" classname="Shraddha.E2Eframework.HomePage"/>
  <testcase name="basePageNavigation" time="13.019" classname="Shraddha.E2Eframework.HomePage"/>
</testsuite> <!-- Test -->
