<?xml version="1.0" encoding="UTF-8"?>
<testng-results ignored="0" total="1" passed="1" failed="0" skipped="0">
  <reporter-output>
  </reporter-output>
  <suite started-at="2020-05-05T10:50:00 IST" name="Default suite" finished-at="2020-05-05T10:50:32 IST" duration-ms="32052">
    <groups>
    </groups>
    <test started-at="2020-05-05T10:50:00 IST" name="Default test" finished-at="2020-05-05T10:50:32 IST" duration-ms="32052">
      <class name="shraddha.Extentreports.Demo">
        <test-method is-config="true" signature="ExtenetReport()[pri:0, instance:shraddha.Extentreports.Demo@4df50bcc]" started-at="2020-05-05T10:50:00 IST" name="ExtenetReport" finished-at="2020-05-05T10:50:00 IST" duration-ms="437" status="PASS">
          <reporter-output>
          </reporter-output>
        </test-method> <!-- ExtenetReport -->
        <test-method signature="display()[pri:0, instance:shraddha.Extentreports.Demo@4df50bcc]" started-at="2020-05-05T10:50:00 IST" name="display" finished-at="2020-05-05T10:50:32 IST" duration-ms="31552" status="PASS">
          <reporter-output>
          </reporter-output>
        </test-method> <!-- display -->
      </class> <!-- shraddha.Extentreports.Demo -->
    </test> <!-- Default test -->
  </suite> <!-- Default suite -->
</testng-results>
