<?xml version="1.0" encoding="UTF-8"?>
<!-- Generated by org.testng.reporters.JUnitXMLReporter -->
<testsuite hostname="DESKTOP-1BKEDIA" name="Surefire test" tests="6" failures="0" timestamp="13 May 2020 13:05:52 GMT" time="0.056" errors="0">
  <testcase name="IOSApps" time="0.016" classname="qaclickacademy.Mavenjava.AppiumTest"/>
  <testcase name="NativeAPpAndroid" time="0.001" classname="qaclickacademy.Mavenjava.AppiumTest"/>
  <testcase name="deleteTwitter" time="0.0" classname="qaclickacademy.Mavenjava.RestAPITest"/>
  <testcase name="postJira" time="0.001" classname="qaclickacademy.Mavenjava.RestAPITest"/>
  <testcase name="BrowserAUtomation" time="0.001" classname="qaclickacademy.Mavenjava.SeleniumTest"/>
  <testcase name="elementsUi" time="0.002" classname="qaclickacademy.Mavenjava.SeleniumTest"/>
</testsuite> <!-- Surefire test -->
