<?xml version="1.0" encoding="UTF-8"?>
<!-- Generated by org.testng.reporters.JUnitXMLReporter -->
<testsuite ignored="2" hostname="DESKTOP-1BKEDIA" failures="0" tests="1" name="Collage" time="0.005" errors="0" timestamp="2020-04-28T10:19:29 IST">
  <testcase classname="test.day3" name="afterMethod" time="0.002"/>
  <testcase classname="test.day3" name="co_name" time="0.0">
    <ignored/>
  </testcase> <!-- co_name -->
  <testcase classname="test.day3" name="c_Name" time="0.0">
    <ignored/>
  </testcase> <!-- c_Name -->
</testsuite> <!-- Collage -->
