<?xml version="1.0" encoding="UTF-8"?>
<!-- Generated by org.testng.reporters.JUnitXMLReporter -->
<testsuite ignored="1" hostname="DESKTOP-1BKEDIA" failures="0" tests="13" name="Student" time="0.201" errors="0" timestamp="2020-04-28T15:19:56 IST">
  <testcase classname="test.day1" name="name" time="0.014"/>
  <testcase classname="test.day1" name="second" time="0.006"/>
  <testcase classname="test.day1" name="demo" time="0.003"/>
  <testcase classname="test.day2" name="after" time="0.003"/>
  <testcase classname="test.day2" name="marks" time="0.003"/>
  <testcase classname="test.day2" name="subject" time="0.002"/>
  <testcase classname="test.day3" name="afterMethod" time="0.005"/>
  <testcase classname="test.day3" name="c_Name" time="0.005"/>
  <testcase classname="test.day3" name="c_Name" time="0.002"/>
  <testcase classname="test.day3" name="c_Name" time="0.004"/>
  <testcase classname="test.day3" name="co_name" time="0.006"/>
  <testcase classname="test.day3" name="collageName" time="0.004"/>
  <testcase classname="test.day4" name="studentName" time="0.002"/>
  <testcase classname="test.day4" name="s_name" time="0.0">
    <ignored/>
  </testcase> <!-- s_name -->
</testsuite> <!-- Student -->
