<?xml version="1.0" encoding="UTF-8"?>
<testng-results skipped="0" failed="0" ignored="0" total="6" passed="6">
  <reporter-output>
  </reporter-output>
  <suite name="Suite" duration-ms="107" started-at="2020-05-13T17:08:35 IST" finished-at="2020-05-13T17:08:35 IST">
    <groups>
    </groups>
    <test name="Test" duration-ms="107" started-at="2020-05-13T17:08:35 IST" finished-at="2020-05-13T17:08:35 IST">
      <class name="qaclickacademy.Mavenjava.RestAPITest">
        <test-method status="PASS" signature="deleteTwitter()[pri:0, instance:qaclickacademy.Mavenjava.RestAPITest@1efed156]" name="deleteTwitter" duration-ms="13" started-at="2020-05-13T17:08:35 IST" finished-at="2020-05-13T17:08:35 IST">
          <reporter-output>
          </reporter-output>
        </test-method> <!-- deleteTwitter -->
        <test-method status="PASS" signature="postJira()[pri:0, instance:qaclickacademy.Mavenjava.RestAPITest@1efed156]" name="postJira" duration-ms="3" started-at="2020-05-13T17:08:35 IST" finished-at="2020-05-13T17:08:35 IST">
          <reporter-output>
          </reporter-output>
        </test-method> <!-- postJira -->
      </class> <!-- qaclickacademy.Mavenjava.RestAPITest -->
      <class name="qaclickacademy.Mavenjava.AppiumTest">
        <test-method status="PASS" signature="IOSApps()[pri:0, instance:qaclickacademy.Mavenjava.AppiumTest@6737fd8f]" name="IOSApps" duration-ms="2" started-at="2020-05-13T17:08:35 IST" finished-at="2020-05-13T17:08:35 IST">
          <reporter-output>
          </reporter-output>
        </test-method> <!-- IOSApps -->
        <test-method status="PASS" signature="NativeAPpAndroid()[pri:0, instance:qaclickacademy.Mavenjava.AppiumTest@6737fd8f]" name="NativeAPpAndroid" duration-ms="2" started-at="2020-05-13T17:08:35 IST" finished-at="2020-05-13T17:08:35 IST">
          <reporter-output>
          </reporter-output>
        </test-method> <!-- NativeAPpAndroid -->
      </class> <!-- qaclickacademy.Mavenjava.AppiumTest -->
      <class name="qaclickacademy.Mavenjava.SeleniumTest">
        <test-method status="PASS" signature="BrowserAUtomation()[pri:0, instance:qaclickacademy.Mavenjava.SeleniumTest@72b6cbcc]" name="BrowserAUtomation" duration-ms="2" started-at="2020-05-13T17:08:35 IST" finished-at="2020-05-13T17:08:35 IST">
          <reporter-output>
          </reporter-output>
        </test-method> <!-- BrowserAUtomation -->
        <test-method status="PASS" signature="elementsUi()[pri:0, instance:qaclickacademy.Mavenjava.SeleniumTest@72b6cbcc]" name="elementsUi" duration-ms="3" started-at="2020-05-13T17:08:35 IST" finished-at="2020-05-13T17:08:35 IST">
          <reporter-output>
          </reporter-output>
        </test-method> <!-- elementsUi -->
      </class> <!-- qaclickacademy.Mavenjava.SeleniumTest -->
    </test> <!-- Test -->
  </suite> <!-- Suite -->
</testng-results>
