<?xml version="1.0" encoding="UTF-8"?>
<!-- Generated by org.testng.reporters.JUnitXMLReporter -->
<testsuite hostname="DESKTOP-1BKEDIA" ignored="0" name="Test" tests="6" failures="0" timestamp="2020-05-13T17:08:35 IST" time="0.107" errors="0">
  <testcase name="deleteTwitter" time="0.013" classname="qaclickacademy.Mavenjava.RestAPITest"/>
  <testcase name="postJira" time="0.003" classname="qaclickacademy.Mavenjava.RestAPITest"/>
  <testcase name="IOSApps" time="0.002" classname="qaclickacademy.Mavenjava.AppiumTest"/>
  <testcase name="NativeAPpAndroid" time="0.002" classname="qaclickacademy.Mavenjava.AppiumTest"/>
  <testcase name="BrowserAUtomation" time="0.002" classname="qaclickacademy.Mavenjava.SeleniumTest"/>
  <testcase name="elementsUi" time="0.003" classname="qaclickacademy.Mavenjava.SeleniumTest"/>
</testsuite> <!-- Test -->
