<?xml version="1.0" encoding="UTF-8"?>
<!-- Generated by org.testng.reporters.JUnitXMLReporter -->
<testsuite hostname="DESKTOP-1BKEDIA" name="Validate login details" tests="2" failures="2" timestamp="29 May 2020 09:40:13 GMT" time="2.126" errors="0">
  <testcase name="@AfterTest CloseBrowser" time="0.0" classname="Shraddha.E2Eframework.HomePage">
    <failure type="java.lang.NullPointerException">
      <![CDATA[java.lang.NullPointerException
	at Shraddha.E2Eframework.HomePage.CloseBrowser(HomePage.java:57)
	at java.util.concurrent.FutureTask.run(Unknown Source)
	at java.util.concurrent.ThreadPoolExecutor.runWorker(Unknown Source)
	at java.util.concurrent.ThreadPoolExecutor$Worker.run(Unknown Source)
	at java.lang.Thread.run(Unknown Source)
... Removed 14 stack frames]]>
    </failure>
  </testcase> <!-- @AfterTest CloseBrowser -->
  <testcase name="basePageNavigation" time="0.016" classname="Shraddha.E2Eframework.HomePage">
    <failure type="java.lang.NullPointerException">
      <![CDATA[java.lang.NullPointerException
	at Shraddha.E2Eframework.HomePage.basePageNavigation(HomePage.java:29)
	at java.util.concurrent.FutureTask.run(Unknown Source)
	at java.util.concurrent.ThreadPoolExecutor.runWorker(Unknown Source)
	at java.util.concurrent.ThreadPoolExecutor$Worker.run(Unknown Source)
	at java.lang.Thread.run(Unknown Source)
... Removed 16 stack frames]]>
    </failure>
  </testcase> <!-- basePageNavigation -->
  <testcase name="basePageNavigation" time="2.074" classname="Shraddha.E2Eframework.HomePage">
    <failure type="java.lang.NullPointerException">
      <![CDATA[java.lang.NullPointerException
	at resources.Base.getSceenshot(Base.java:53)
	at Shraddha.E2Eframework.Listeners.onTestFailure(Listeners.java:60)
	at java.util.concurrent.FutureTask.run(Unknown Source)
	at java.util.concurrent.ThreadPoolExecutor.runWorker(Unknown Source)
	at java.util.concurrent.ThreadPoolExecutor$Worker.run(Unknown Source)
	at java.lang.Thread.run(Unknown Source)
... Removed 13 stack frames]]>
    </failure>
  </testcase> <!-- basePageNavigation -->
</testsuite> <!-- Validate login details -->
